
test.elf:     file format elf32-littleriscv


Disassembly of section .text:

40000000 <_entry>:
40000000:	00000697          	auipc	a3,0x0
40000004:	07068693          	addi	a3,a3,112 # 40000070 <_edata>
40000008:	00000617          	auipc	a2,0x0
4000000c:	06860613          	addi	a2,a2,104 # 40000070 <_edata>
40000010:	00001197          	auipc	gp,0x1
40000014:	86018193          	addi	gp,gp,-1952 # 40000870 <_gp>
40000018:	10000117          	auipc	sp,0x10000
4000001c:	fe410113          	addi	sp,sp,-28 # 4ffffffc <_stack>
40000020:	00000217          	auipc	tp,0x0
40000024:	08f20213          	addi	tp,tp,143 # 400000af <_edata+0x3f>
40000028:	fc027213          	andi	tp,tp,-64

4000002c <BSS_CLEAR>:
4000002c:	0006a023          	sw	zero,0(a3)
40000030:	00468693          	addi	a3,a3,4
40000034:	fec6cce3          	blt	a3,a2,4000002c <BSS_CLEAR>
40000038:	00000d97          	auipc	s11,0x0
4000003c:	034d8d93          	addi	s11,s11,52 # 4000006c <_isr>
40000040:	f0000d37          	lui	s10,0xf0000
40000044:	01bd2023          	sw	s11,0(s10) # f0000000 <_stack+0xa0000004>
40000048:	f0000d37          	lui	s10,0xf0000
4000004c:	0d0d0d13          	addi	s10,s10,208 # f00000d0 <_stack+0xa00000d4>
40000050:	04100413          	addi	s0,zero,65
40000054:	008d2023          	sw	s0,0(s10)
40000058:	00a00413          	addi	s0,zero,10
4000005c:	008d2023          	sw	s0,0(s10)
40000060:	e0000d37          	lui	s10,0xe0000
40000064:	000d2023          	sw	zero,0(s10) # e0000000 <_stack+0x90000004>

40000068 <L1>:
40000068:	00000063          	beq	zero,zero,40000068 <L1>

4000006c <_isr>:
4000006c:	00000013          	addi	zero,zero,0
